<?xml version="1.0" encoding="UTF-8"?>
<testsuite xmlns:xsi="http://www.w3.org/2001/XMLSchema-instance" xsi:noNamespaceSchemaLocation="https://maven.apache.org/surefire/maven-surefire-plugin/xsd/surefire-test-report-3.0.xsd" version="3.0" name="TestSuite" time="11.266" tests="2" errors="0" skipped="0" failures="0">
  <properties>
    <property name="java.specification.version" value="23"/>
    <property name="sun.jnu.encoding" value="UTF-8"/>
    <property name="java.class.path" value="/Users/kusratho/Documents/Playground/JAVA/capstone-3/target/test-classes:/Users/kusratho/Documents/Playground/JAVA/capstone-3/target/classes:/Users/kusratho/.m2/repository/org/seleniumhq/selenium/selenium-java/4.27.0/selenium-java-4.27.0.jar:/Users/kusratho/.m2/repository/org/seleniumhq/selenium/selenium-api/4.27.0/selenium-api-4.27.0.jar:/Users/kusratho/.m2/repository/org/jspecify/jspecify/1.0.0/jspecify-1.0.0.jar:/Users/kusratho/.m2/repository/org/seleniumhq/selenium/selenium-chrome-driver/4.27.0/selenium-chrome-driver-4.27.0.jar:/Users/kusratho/.m2/repository/com/google/auto/service/auto-service-annotations/1.1.1/auto-service-annotations-1.1.1.jar:/Users/kusratho/.m2/repository/org/seleniumhq/selenium/selenium-chromium-driver/4.27.0/selenium-chromium-driver-4.27.0.jar:/Users/kusratho/.m2/repository/org/seleniumhq/selenium/selenium-json/4.27.0/selenium-json-4.27.0.jar:/Users/kusratho/.m2/repository/org/seleniumhq/selenium/selenium-manager/4.27.0/selenium-manager-4.27.0.jar:/Users/kusratho/.m2/repository/org/seleniumhq/selenium/selenium-devtools-v129/4.27.0/selenium-devtools-v129-4.27.0.jar:/Users/kusratho/.m2/repository/org/seleniumhq/selenium/selenium-devtools-v130/4.27.0/selenium-devtools-v130-4.27.0.jar:/Users/kusratho/.m2/repository/org/seleniumhq/selenium/selenium-devtools-v131/4.27.0/selenium-devtools-v131-4.27.0.jar:/Users/kusratho/.m2/repository/org/seleniumhq/selenium/selenium-devtools-v85/4.27.0/selenium-devtools-v85-4.27.0.jar:/Users/kusratho/.m2/repository/org/seleniumhq/selenium/selenium-edge-driver/4.27.0/selenium-edge-driver-4.27.0.jar:/Users/kusratho/.m2/repository/org/seleniumhq/selenium/selenium-firefox-driver/4.27.0/selenium-firefox-driver-4.27.0.jar:/Users/kusratho/.m2/repository/org/seleniumhq/selenium/selenium-http/4.27.0/selenium-http-4.27.0.jar:/Users/kusratho/.m2/repository/dev/failsafe/failsafe/3.3.2/failsafe-3.3.2.jar:/Users/kusratho/.m2/repository/org/seleniumhq/selenium/selenium-ie-driver/4.27.0/selenium-ie-driver-4.27.0.jar:/Users/kusratho/.m2/repository/org/seleniumhq/selenium/selenium-remote-driver/4.27.0/selenium-remote-driver-4.27.0.jar:/Users/kusratho/.m2/repository/com/google/guava/guava/33.3.1-jre/guava-33.3.1-jre.jar:/Users/kusratho/.m2/repository/com/google/guava/failureaccess/1.0.2/failureaccess-1.0.2.jar:/Users/kusratho/.m2/repository/com/google/guava/listenablefuture/9999.0-empty-to-avoid-conflict-with-guava/listenablefuture-9999.0-empty-to-avoid-conflict-with-guava.jar:/Users/kusratho/.m2/repository/com/google/code/findbugs/jsr305/3.0.2/jsr305-3.0.2.jar:/Users/kusratho/.m2/repository/org/checkerframework/checker-qual/3.43.0/checker-qual-3.43.0.jar:/Users/kusratho/.m2/repository/com/google/errorprone/error_prone_annotations/2.28.0/error_prone_annotations-2.28.0.jar:/Users/kusratho/.m2/repository/com/google/j2objc/j2objc-annotations/3.0.0/j2objc-annotations-3.0.0.jar:/Users/kusratho/.m2/repository/io/opentelemetry/semconv/opentelemetry-semconv/1.25.0-alpha/opentelemetry-semconv-1.25.0-alpha.jar:/Users/kusratho/.m2/repository/io/opentelemetry/opentelemetry-api/1.44.1/opentelemetry-api-1.44.1.jar:/Users/kusratho/.m2/repository/io/opentelemetry/opentelemetry-context/1.44.1/opentelemetry-context-1.44.1.jar:/Users/kusratho/.m2/repository/io/opentelemetry/opentelemetry-exporter-logging/1.44.1/opentelemetry-exporter-logging-1.44.1.jar:/Users/kusratho/.m2/repository/io/opentelemetry/opentelemetry-sdk-common/1.44.1/opentelemetry-sdk-common-1.44.1.jar:/Users/kusratho/.m2/repository/io/opentelemetry/opentelemetry-sdk-extension-autoconfigure-spi/1.44.1/opentelemetry-sdk-extension-autoconfigure-spi-1.44.1.jar:/Users/kusratho/.m2/repository/io/opentelemetry/opentelemetry-sdk-extension-autoconfigure/1.44.1/opentelemetry-sdk-extension-autoconfigure-1.44.1.jar:/Users/kusratho/.m2/repository/io/opentelemetry/opentelemetry-api-incubator/1.44.1-alpha/opentelemetry-api-incubator-1.44.1-alpha.jar:/Users/kusratho/.m2/repository/io/opentelemetry/opentelemetry-sdk-trace/1.44.1/opentelemetry-sdk-trace-1.44.1.jar:/Users/kusratho/.m2/repository/io/opentelemetry/opentelemetry-sdk/1.44.1/opentelemetry-sdk-1.44.1.jar:/Users/kusratho/.m2/repository/io/opentelemetry/opentelemetry-sdk-metrics/1.44.1/opentelemetry-sdk-metrics-1.44.1.jar:/Users/kusratho/.m2/repository/io/opentelemetry/opentelemetry-sdk-logs/1.44.1/opentelemetry-sdk-logs-1.44.1.jar:/Users/kusratho/.m2/repository/net/bytebuddy/byte-buddy/1.15.10/byte-buddy-1.15.10.jar:/Users/kusratho/.m2/repository/org/seleniumhq/selenium/selenium-os/4.27.0/selenium-os-4.27.0.jar:/Users/kusratho/.m2/repository/org/apache/commons/commons-exec/1.4.0/commons-exec-1.4.0.jar:/Users/kusratho/.m2/repository/org/seleniumhq/selenium/selenium-safari-driver/4.27.0/selenium-safari-driver-4.27.0.jar:/Users/kusratho/.m2/repository/org/seleniumhq/selenium/selenium-support/4.27.0/selenium-support-4.27.0.jar:/Users/kusratho/.m2/repository/org/testng/testng/7.10.2/testng-7.10.2.jar:/Users/kusratho/.m2/repository/com/beust/jcommander/1.82/jcommander-1.82.jar:/Users/kusratho/.m2/repository/org/webjars/jquery/3.7.1/jquery-3.7.1.jar:/Users/kusratho/.m2/repository/io/cucumber/cucumber-java/7.20.1/cucumber-java-7.20.1.jar:/Users/kusratho/.m2/repository/org/apiguardian/apiguardian-api/1.1.2/apiguardian-api-1.1.2.jar:/Users/kusratho/.m2/repository/io/cucumber/cucumber-testng/7.20.1/cucumber-testng-7.20.1.jar:/Users/kusratho/.m2/repository/io/cucumber/cucumber-core/7.20.1/cucumber-core-7.20.1.jar:/Users/kusratho/.m2/repository/io/cucumber/cucumber-gherkin/7.20.1/cucumber-gherkin-7.20.1.jar:/Users/kusratho/.m2/repository/io/cucumber/cucumber-gherkin-messages/7.20.1/cucumber-gherkin-messages-7.20.1.jar:/Users/kusratho/.m2/repository/io/cucumber/gherkin/28.0.0/gherkin-28.0.0.jar:/Users/kusratho/.m2/repository/io/cucumber/messages/24.1.0/messages-24.1.0.jar:/Users/kusratho/.m2/repository/io/cucumber/testng-xml-formatter/0.2.0/testng-xml-formatter-0.2.0.jar:/Users/kusratho/.m2/repository/io/cucumber/query/12.2.0/query-12.2.0.jar:/Users/kusratho/.m2/repository/io/cucumber/tag-expressions/6.1.0/tag-expressions-6.1.0.jar:/Users/kusratho/.m2/repository/io/cucumber/cucumber-expressions/17.1.0/cucumber-expressions-17.1.0.jar:/Users/kusratho/.m2/repository/io/cucumber/datatable/7.20.1/datatable-7.20.1.jar:/Users/kusratho/.m2/repository/io/cucumber/cucumber-plugin/7.20.1/cucumber-plugin-7.20.1.jar:/Users/kusratho/.m2/repository/io/cucumber/docstring/7.20.1/docstring-7.20.1.jar:/Users/kusratho/.m2/repository/io/cucumber/html-formatter/21.7.0/html-formatter-21.7.0.jar:/Users/kusratho/.m2/repository/io/cucumber/junit-xml-formatter/0.5.0/junit-xml-formatter-0.5.0.jar:/Users/kusratho/.m2/repository/io/cucumber/ci-environment/10.0.1/ci-environment-10.0.1.jar:/Users/kusratho/.m2/repository/org/slf4j/slf4j-api/2.0.16/slf4j-api-2.0.16.jar:/Users/kusratho/.m2/repository/org/slf4j/slf4j-simple/2.0.16/slf4j-simple-2.0.16.jar:/Users/kusratho/.m2/repository/io/rest-assured/rest-assured/5.5.0/rest-assured-5.5.0.jar:/Users/kusratho/.m2/repository/org/apache/groovy/groovy/4.0.22/groovy-4.0.22.jar:/Users/kusratho/.m2/repository/org/apache/groovy/groovy-xml/4.0.22/groovy-xml-4.0.22.jar:/Users/kusratho/.m2/repository/org/apache/httpcomponents/httpclient/4.5.13/httpclient-4.5.13.jar:/Users/kusratho/.m2/repository/org/apache/httpcomponents/httpcore/4.4.13/httpcore-4.4.13.jar:/Users/kusratho/.m2/repository/commons-logging/commons-logging/1.2/commons-logging-1.2.jar:/Users/kusratho/.m2/repository/commons-codec/commons-codec/1.11/commons-codec-1.11.jar:/Users/kusratho/.m2/repository/org/apache/httpcomponents/httpmime/4.5.13/httpmime-4.5.13.jar:/Users/kusratho/.m2/repository/org/hamcrest/hamcrest/2.2/hamcrest-2.2.jar:/Users/kusratho/.m2/repository/org/ccil/cowan/tagsoup/tagsoup/1.2.1/tagsoup-1.2.1.jar:/Users/kusratho/.m2/repository/io/rest-assured/json-path/5.5.0/json-path-5.5.0.jar:/Users/kusratho/.m2/repository/org/apache/groovy/groovy-json/4.0.22/groovy-json-4.0.22.jar:/Users/kusratho/.m2/repository/io/rest-assured/rest-assured-common/5.5.0/rest-assured-common-5.5.0.jar:/Users/kusratho/.m2/repository/io/rest-assured/xml-path/5.5.0/xml-path-5.5.0.jar:/Users/kusratho/.m2/repository/org/apache/commons/commons-lang3/3.11/commons-lang3-3.11.jar:/Users/kusratho/.m2/repository/org/jsoup/jsoup/1.18.3/jsoup-1.18.3.jar:"/>
    <property name="java.vm.vendor" value="Oracle Corporation"/>
    <property name="sun.arch.data.model" value="64"/>
    <property name="java.vendor.url" value="https://java.oracle.com/"/>
    <property name="user.timezone" value="Asia/Kolkata"/>
    <property name="os.name" value="Mac OS X"/>
    <property name="java.vm.specification.version" value="23"/>
    <property name="sun.java.launcher" value="SUN_STANDARD"/>
    <property name="user.country" value="US"/>
    <property name="sun.boot.library.path" value="/Library/Java/JavaVirtualMachines/jdk-23.jdk/Contents/Home/lib"/>
    <property name="sun.java.command" value="/Users/kusratho/Documents/Playground/JAVA/capstone-3/target/surefire/surefirebooter-20250119022147055_3.jar /Users/kusratho/Documents/Playground/JAVA/capstone-3/target/surefire 2025-01-19T02-21-46_979-jvmRun1 surefire-20250119022147055_1tmp surefire_0-20250119022147055_2tmp"/>
    <property name="jdk.debug" value="release"/>
    <property name="surefire.test.class.path" value="/Users/kusratho/Documents/Playground/JAVA/capstone-3/target/test-classes:/Users/kusratho/Documents/Playground/JAVA/capstone-3/target/classes:/Users/kusratho/.m2/repository/org/seleniumhq/selenium/selenium-java/4.27.0/selenium-java-4.27.0.jar:/Users/kusratho/.m2/repository/org/seleniumhq/selenium/selenium-api/4.27.0/selenium-api-4.27.0.jar:/Users/kusratho/.m2/repository/org/jspecify/jspecify/1.0.0/jspecify-1.0.0.jar:/Users/kusratho/.m2/repository/org/seleniumhq/selenium/selenium-chrome-driver/4.27.0/selenium-chrome-driver-4.27.0.jar:/Users/kusratho/.m2/repository/com/google/auto/service/auto-service-annotations/1.1.1/auto-service-annotations-1.1.1.jar:/Users/kusratho/.m2/repository/org/seleniumhq/selenium/selenium-chromium-driver/4.27.0/selenium-chromium-driver-4.27.0.jar:/Users/kusratho/.m2/repository/org/seleniumhq/selenium/selenium-json/4.27.0/selenium-json-4.27.0.jar:/Users/kusratho/.m2/repository/org/seleniumhq/selenium/selenium-manager/4.27.0/selenium-manager-4.27.0.jar:/Users/kusratho/.m2/repository/org/seleniumhq/selenium/selenium-devtools-v129/4.27.0/selenium-devtools-v129-4.27.0.jar:/Users/kusratho/.m2/repository/org/seleniumhq/selenium/selenium-devtools-v130/4.27.0/selenium-devtools-v130-4.27.0.jar:/Users/kusratho/.m2/repository/org/seleniumhq/selenium/selenium-devtools-v131/4.27.0/selenium-devtools-v131-4.27.0.jar:/Users/kusratho/.m2/repository/org/seleniumhq/selenium/selenium-devtools-v85/4.27.0/selenium-devtools-v85-4.27.0.jar:/Users/kusratho/.m2/repository/org/seleniumhq/selenium/selenium-edge-driver/4.27.0/selenium-edge-driver-4.27.0.jar:/Users/kusratho/.m2/repository/org/seleniumhq/selenium/selenium-firefox-driver/4.27.0/selenium-firefox-driver-4.27.0.jar:/Users/kusratho/.m2/repository/org/seleniumhq/selenium/selenium-http/4.27.0/selenium-http-4.27.0.jar:/Users/kusratho/.m2/repository/dev/failsafe/failsafe/3.3.2/failsafe-3.3.2.jar:/Users/kusratho/.m2/repository/org/seleniumhq/selenium/selenium-ie-driver/4.27.0/selenium-ie-driver-4.27.0.jar:/Users/kusratho/.m2/repository/org/seleniumhq/selenium/selenium-remote-driver/4.27.0/selenium-remote-driver-4.27.0.jar:/Users/kusratho/.m2/repository/com/google/guava/guava/33.3.1-jre/guava-33.3.1-jre.jar:/Users/kusratho/.m2/repository/com/google/guava/failureaccess/1.0.2/failureaccess-1.0.2.jar:/Users/kusratho/.m2/repository/com/google/guava/listenablefuture/9999.0-empty-to-avoid-conflict-with-guava/listenablefuture-9999.0-empty-to-avoid-conflict-with-guava.jar:/Users/kusratho/.m2/repository/com/google/code/findbugs/jsr305/3.0.2/jsr305-3.0.2.jar:/Users/kusratho/.m2/repository/org/checkerframework/checker-qual/3.43.0/checker-qual-3.43.0.jar:/Users/kusratho/.m2/repository/com/google/errorprone/error_prone_annotations/2.28.0/error_prone_annotations-2.28.0.jar:/Users/kusratho/.m2/repository/com/google/j2objc/j2objc-annotations/3.0.0/j2objc-annotations-3.0.0.jar:/Users/kusratho/.m2/repository/io/opentelemetry/semconv/opentelemetry-semconv/1.25.0-alpha/opentelemetry-semconv-1.25.0-alpha.jar:/Users/kusratho/.m2/repository/io/opentelemetry/opentelemetry-api/1.44.1/opentelemetry-api-1.44.1.jar:/Users/kusratho/.m2/repository/io/opentelemetry/opentelemetry-context/1.44.1/opentelemetry-context-1.44.1.jar:/Users/kusratho/.m2/repository/io/opentelemetry/opentelemetry-exporter-logging/1.44.1/opentelemetry-exporter-logging-1.44.1.jar:/Users/kusratho/.m2/repository/io/opentelemetry/opentelemetry-sdk-common/1.44.1/opentelemetry-sdk-common-1.44.1.jar:/Users/kusratho/.m2/repository/io/opentelemetry/opentelemetry-sdk-extension-autoconfigure-spi/1.44.1/opentelemetry-sdk-extension-autoconfigure-spi-1.44.1.jar:/Users/kusratho/.m2/repository/io/opentelemetry/opentelemetry-sdk-extension-autoconfigure/1.44.1/opentelemetry-sdk-extension-autoconfigure-1.44.1.jar:/Users/kusratho/.m2/repository/io/opentelemetry/opentelemetry-api-incubator/1.44.1-alpha/opentelemetry-api-incubator-1.44.1-alpha.jar:/Users/kusratho/.m2/repository/io/opentelemetry/opentelemetry-sdk-trace/1.44.1/opentelemetry-sdk-trace-1.44.1.jar:/Users/kusratho/.m2/repository/io/opentelemetry/opentelemetry-sdk/1.44.1/opentelemetry-sdk-1.44.1.jar:/Users/kusratho/.m2/repository/io/opentelemetry/opentelemetry-sdk-metrics/1.44.1/opentelemetry-sdk-metrics-1.44.1.jar:/Users/kusratho/.m2/repository/io/opentelemetry/opentelemetry-sdk-logs/1.44.1/opentelemetry-sdk-logs-1.44.1.jar:/Users/kusratho/.m2/repository/net/bytebuddy/byte-buddy/1.15.10/byte-buddy-1.15.10.jar:/Users/kusratho/.m2/repository/org/seleniumhq/selenium/selenium-os/4.27.0/selenium-os-4.27.0.jar:/Users/kusratho/.m2/repository/org/apache/commons/commons-exec/1.4.0/commons-exec-1.4.0.jar:/Users/kusratho/.m2/repository/org/seleniumhq/selenium/selenium-safari-driver/4.27.0/selenium-safari-driver-4.27.0.jar:/Users/kusratho/.m2/repository/org/seleniumhq/selenium/selenium-support/4.27.0/selenium-support-4.27.0.jar:/Users/kusratho/.m2/repository/org/testng/testng/7.10.2/testng-7.10.2.jar:/Users/kusratho/.m2/repository/com/beust/jcommander/1.82/jcommander-1.82.jar:/Users/kusratho/.m2/repository/org/webjars/jquery/3.7.1/jquery-3.7.1.jar:/Users/kusratho/.m2/repository/io/cucumber/cucumber-java/7.20.1/cucumber-java-7.20.1.jar:/Users/kusratho/.m2/repository/org/apiguardian/apiguardian-api/1.1.2/apiguardian-api-1.1.2.jar:/Users/kusratho/.m2/repository/io/cucumber/cucumber-testng/7.20.1/cucumber-testng-7.20.1.jar:/Users/kusratho/.m2/repository/io/cucumber/cucumber-core/7.20.1/cucumber-core-7.20.1.jar:/Users/kusratho/.m2/repository/io/cucumber/cucumber-gherkin/7.20.1/cucumber-gherkin-7.20.1.jar:/Users/kusratho/.m2/repository/io/cucumber/cucumber-gherkin-messages/7.20.1/cucumber-gherkin-messages-7.20.1.jar:/Users/kusratho/.m2/repository/io/cucumber/gherkin/28.0.0/gherkin-28.0.0.jar:/Users/kusratho/.m2/repository/io/cucumber/messages/24.1.0/messages-24.1.0.jar:/Users/kusratho/.m2/repository/io/cucumber/testng-xml-formatter/0.2.0/testng-xml-formatter-0.2.0.jar:/Users/kusratho/.m2/repository/io/cucumber/query/12.2.0/query-12.2.0.jar:/Users/kusratho/.m2/repository/io/cucumber/tag-expressions/6.1.0/tag-expressions-6.1.0.jar:/Users/kusratho/.m2/repository/io/cucumber/cucumber-expressions/17.1.0/cucumber-expressions-17.1.0.jar:/Users/kusratho/.m2/repository/io/cucumber/datatable/7.20.1/datatable-7.20.1.jar:/Users/kusratho/.m2/repository/io/cucumber/cucumber-plugin/7.20.1/cucumber-plugin-7.20.1.jar:/Users/kusratho/.m2/repository/io/cucumber/docstring/7.20.1/docstring-7.20.1.jar:/Users/kusratho/.m2/repository/io/cucumber/html-formatter/21.7.0/html-formatter-21.7.0.jar:/Users/kusratho/.m2/repository/io/cucumber/junit-xml-formatter/0.5.0/junit-xml-formatter-0.5.0.jar:/Users/kusratho/.m2/repository/io/cucumber/ci-environment/10.0.1/ci-environment-10.0.1.jar:/Users/kusratho/.m2/repository/org/slf4j/slf4j-api/2.0.16/slf4j-api-2.0.16.jar:/Users/kusratho/.m2/repository/org/slf4j/slf4j-simple/2.0.16/slf4j-simple-2.0.16.jar:/Users/kusratho/.m2/repository/io/rest-assured/rest-assured/5.5.0/rest-assured-5.5.0.jar:/Users/kusratho/.m2/repository/org/apache/groovy/groovy/4.0.22/groovy-4.0.22.jar:/Users/kusratho/.m2/repository/org/apache/groovy/groovy-xml/4.0.22/groovy-xml-4.0.22.jar:/Users/kusratho/.m2/repository/org/apache/httpcomponents/httpclient/4.5.13/httpclient-4.5.13.jar:/Users/kusratho/.m2/repository/org/apache/httpcomponents/httpcore/4.4.13/httpcore-4.4.13.jar:/Users/kusratho/.m2/repository/commons-logging/commons-logging/1.2/commons-logging-1.2.jar:/Users/kusratho/.m2/repository/commons-codec/commons-codec/1.11/commons-codec-1.11.jar:/Users/kusratho/.m2/repository/org/apache/httpcomponents/httpmime/4.5.13/httpmime-4.5.13.jar:/Users/kusratho/.m2/repository/org/hamcrest/hamcrest/2.2/hamcrest-2.2.jar:/Users/kusratho/.m2/repository/org/ccil/cowan/tagsoup/tagsoup/1.2.1/tagsoup-1.2.1.jar:/Users/kusratho/.m2/repository/io/rest-assured/json-path/5.5.0/json-path-5.5.0.jar:/Users/kusratho/.m2/repository/org/apache/groovy/groovy-json/4.0.22/groovy-json-4.0.22.jar:/Users/kusratho/.m2/repository/io/rest-assured/rest-assured-common/5.5.0/rest-assured-common-5.5.0.jar:/Users/kusratho/.m2/repository/io/rest-assured/xml-path/5.5.0/xml-path-5.5.0.jar:/Users/kusratho/.m2/repository/org/apache/commons/commons-lang3/3.11/commons-lang3-3.11.jar:/Users/kusratho/.m2/repository/org/jsoup/jsoup/1.18.3/jsoup-1.18.3.jar:"/>
    <property name="sun.cpu.endian" value="little"/>
    <property name="user.home" value="/Users/kusratho"/>
    <property name="user.language" value="en"/>
    <property name="java.specification.vendor" value="Oracle Corporation"/>
    <property name="java.version.date" value="2024-10-15"/>
    <property name="java.home" value="/Library/Java/JavaVirtualMachines/jdk-23.jdk/Contents/Home"/>
    <property name="file.separator" value="/"/>
    <property name="basedir" value="/Users/kusratho/Documents/Playground/JAVA/capstone-3"/>
    <property name="style.color" value="always"/>
    <property name="java.vm.compressedOopsMode" value="Zero based"/>
    <property name="line.separator" value="&#10;"/>
    <property name="java.vm.specification.vendor" value="Oracle Corporation"/>
    <property name="java.specification.name" value="Java Platform API Specification"/>
    <property name="apple.awt.application.name" value="ForkedBooter"/>
    <property name="surefire.real.class.path" value="/Users/kusratho/Documents/Playground/JAVA/capstone-3/target/surefire/surefirebooter-20250119022147055_3.jar"/>
    <property name="sun.management.compiler" value="HotSpot 64-Bit Tiered Compilers"/>
    <property name="java.runtime.version" value="23.0.1+11-39"/>
    <property name="user.name" value="kusratho"/>
    <property name="stdout.encoding" value="UTF-8"/>
    <property name="path.separator" value=":"/>
    <property name="os.version" value="15.2"/>
    <property name="java.runtime.name" value="Java(TM) SE Runtime Environment"/>
    <property name="file.encoding" value="UTF-8"/>
    <property name="java.vm.name" value="Java HotSpot(TM) 64-Bit Server VM"/>
    <property name="localRepository" value="/Users/kusratho/.m2/repository"/>
    <property name="java.vendor.url.bug" value="https://bugreport.java.com/bugreport/"/>
    <property name="java.io.tmpdir" value="/var/folders/fg/vjxy2vh14590h_5lkmnfj4gr0000gn/T/"/>
    <property name="java.version" value="23.0.1"/>
    <property name="user.dir" value="/Users/kusratho/Documents/Playground/JAVA/capstone-3"/>
    <property name="os.arch" value="x86_64"/>
    <property name="java.vm.specification.name" value="Java Virtual Machine Specification"/>
    <property name="native.encoding" value="UTF-8"/>
    <property name="java.library.path" value="/Users/kusratho/Library/Java/Extensions:/Library/Java/Extensions:/Network/Library/Java/Extensions:/System/Library/Java/Extensions:/usr/lib/java:."/>
    <property name="java.vm.info" value="mixed mode, sharing"/>
    <property name="stderr.encoding" value="UTF-8"/>
    <property name="java.vendor" value="Oracle Corporation"/>
    <property name="java.vm.version" value="23.0.1+11-39"/>
    <property name="sun.io.unicode.encoding" value="UnicodeBig"/>
    <property name="java.class.version" value="67.0"/>
  </properties>
  <testcase name="runScenario[&quot;Book a flight with valid passenger details&quot;, &quot;Flight Booking on BlazeDemo&quot;](1)" classname="runner.TestRunner" time="8.161">
    <system-out><![CDATA[
Scenario: Book a flight with valid passenger details            &amp#27;[90m# src/test/resources/features/flightBooking.feature:3&amp#27;[0m
  &amp#27;[32mGiven &amp#27;[0m&amp#27;[32mI am on the BlazeDemo homepage&amp#27;[0m                          &amp#27;[90m# stepdefinitions.FlightBookingSteps.navigateToHomepage()&amp#27;[0m
  &amp#27;[32mWhen &amp#27;[0m&amp#27;[32mI verify departure and destination dropdowns are present&amp#27;[0m &amp#27;[90m# stepdefinitions.FlightBookingSteps.verifyDropdowns()&amp#27;[0m
  &amp#27;[32mAnd &amp#27;[0m&amp#27;[32mI select &amp#27;[0m&amp#27;[32m&amp#27;[1m"Boston"&amp#27;[0m&amp#27;[32m as departure city&amp#27;[0m                       &amp#27;[90m# stepdefinitions.FlightBookingSteps.selectDepartureCity(java.lang.String)&amp#27;[0m
  &amp#27;[32mAnd &amp#27;[0m&amp#27;[32mI select &amp#27;[0m&amp#27;[32m&amp#27;[1m"London"&amp#27;[0m&amp#27;[32m as destination city&amp#27;[0m                     &amp#27;[90m# stepdefinitions.FlightBookingSteps.selectDestinationCity(java.lang.String)&amp#27;[0m
  &amp#27;[32mAnd &amp#27;[0m&amp#27;[32mI click Find Flights button&amp#27;[0m                               &amp#27;[90m# stepdefinitions.FlightBookingSteps.clickFindFlights()&amp#27;[0m
  &amp#27;[32mThen &amp#27;[0m&amp#27;[32mI should be navigated to reserve page&amp#27;[0m                    &amp#27;[90m# stepdefinitions.FlightBookingSteps.verifyReservePage()&amp#27;[0m
  &amp#27;[32mWhen &amp#27;[0m&amp#27;[32mI select the first available flight&amp#27;[0m                      &amp#27;[90m# stepdefinitions.FlightBookingSteps.selectFirstFlight()&amp#27;[0m
  &amp#27;[32mThen &amp#27;[0m&amp#27;[32mI should be on purchase page&amp#27;[0m                             &amp#27;[90m# stepdefinitions.FlightBookingSteps.verifyPurchasePage()&amp#27;[0m
  &amp#27;[32mWhen &amp#27;[0m&amp#27;[32mI enter passenger details&amp#27;[0m                                &amp#27;[90m# stepdefinitions.FlightBookingSteps.enterPassengerDetails(io.cucumber.datatable.DataTable)&amp#27;[0m
    | Name       | Simpli Learn     |
    | Address    | 123 Test Street  |
    | City       | Boston           |
    | State      | MA               |
    | ZipCode    | 02108            |
    | CardType   | Visa             |
    | CardNum    | 4111111111111111 |
    | Month      | 12               |
    | Year       | 2025             |
    | NameOnCard | John Doe         |
  &amp#27;[32mAnd &amp#27;[0m&amp#27;[32mI click Purchase Flight button&amp#27;[0m                            &amp#27;[90m# stepdefinitions.FlightBookingSteps.clickPurchaseFlight()&amp#27;[0m
  &amp#27;[32mThen &amp#27;[0m&amp#27;[32mI should see confirmation message&amp#27;[0m                        &amp#27;[90m# stepdefinitions.FlightBookingSteps.verifyConfirmationMessage()&amp#27;[0m
]]></system-out>
  </testcase>
  <testcase name="testSearchFlights" classname="api.FlightReservationApiTest" time="1.847">
    <system-out><![CDATA[Search Response HTML:
<!doctype html>
<html lang="en">
<head>
    <meta charset="utf-8">
    <title>BlazeDemo - reserve</title>
    <meta name="description" content="BlazeMeter demo app">
    <meta name="sage" content="flights app">

    <script src="http://ajax.googleapis.com/ajax/libs/jquery/2.0.0/jquery.min.js"></script>
    <script src="/assets/bootstrap.min.js"></script>
    <script src="/assets/bootstrap-table.js"></script>
    <link href="/assets/bootstrap.min.css" rel="stylesheet" media="screen">
    <link href="/assets/bootstrap-table.css" rel="stylesheet" media="screen">
    <style type="text/css">
        body {
            background: #f5f5f5);
        }

        .hero-unit {
            background-color: #fff;
        }

        .center {
            display: block;
            margin: 0 auto;
        }
    </style>
</head>
<body>
    <div class="navbar navbar-inverse">
        <div class="navbar-inner">
            <div class="container">
                <a class="btn btn-navbar" data-toggle="collapse" data-target=".nav-collapse">
                    <span class="icon-bar"></span>
                    <span class="icon-bar"></span>
                    <span class="icon-bar"></span>
                </a>
                <a class="brand" href="index.php">Travel The World</a>
                <a class="brand" href="home">home</a>
            </div>
        </div>
    </div>
<div class="container">
    
        <h3>Flights from Paris to Buenos Aires: </h3>
    <table class="table">
        <thead>
        <tr>
            <th>Choose</th>
            <th>Flight #</th>
            <th>Airline</th>
            <th>Departs: Paris</th>
            <th>Arrives: Buenos Aires</th>
            <th>Price</th>
        </tr>
        </thead>
        <tbody>
        <tr>
            <form name="VA43" method="post" action="purchase.php">
                <td><input type="submit" class="btn btn-small" value="Choose This Flight"></td>
                <td>43</td>
                <td>Virgin America</td>
                <td>1:43 AM</td>
                <td>9:45 PM</td>
                <td>$472.56</td>
                <input type="hidden" value="43" name="flight">
                <input type="hidden" value="472.56" name="price">
                <input type="hidden" value="Virgin America" name="airline">
                <input type="hidden" name="fromPort" value="Paris"/>
                <input type="hidden" name="toPort" value="Buenos Aires"/>
            </form>
        </tr>
        <tr>
            <form name="UA234" method="post" action="purchase.php">
                <td><input type="submit" class="btn btn-small" value="Choose This Flight"></td>
                <td>234</td>
                <td>United Airlines</td>
                <td>7:43 AM</td>
                <td>10:45 PM</td>
                <td>$432.98</td>
                <input type="hidden" value="234" name="flight">
                <input type="hidden" value="432.98" name="price">
                <input type="hidden" value="United Airlines" name="airline">
                <input type="hidden" name="fromPort" value="Paris"/>
                <input type="hidden" name="toPort" value="Buenos Aires"/>
            </form>
        </tr>
        <tr>
            <form name="AL969" method="post" action="purchase.php">
                <td><input type="submit" class="btn btn-small" value="Choose This Flight"></td>
                <td>9696</td>
                <td>Aer Lingus</td>
                <td>5:27 AM</td>
                <td>8:22 PM</td>
                <td>$200.98</td>
                <input type="hidden" value="9696" name="flight">
                <input type="hidden" value="200.98" name="price">
                <input type="hidden" value="Aer Lingus" name="airline">
                <input type="hidden" name="fromPort" value="Paris"/>
                <input type="hidden" name="toPort" value="Buenos Aires"/>
            </form>

        </tr>
        <tr>
            <form name="VA12" method="post" action="purchase.php">
                <td><input type="submit" class="btn btn-small" value="Choose This Flight"></td>
                <td>12</td>
                <td>Virgin America</td>
                <td>11:23 AM</td>
                <td>1:45 PM</td>
                <td>$765.32</td>
                <input type="hidden" value="12" name="flight">
                <input type="hidden" value="765.32" name="price">
                <input type="hidden" value="Virgin America" name="airline">
                <input type="hidden" name="fromPort" value="Paris"/>
                <input type="hidden" name="toPort" value="Buenos Aires"/>
            </form>
        </tr>
        <tr>
            <form name="L4346" method="post" action="purchase.php">
                <td><input type="submit" class="btn btn-small" value="Choose This Flight"></td>
                <td>4346</td>
                <td>Lufthansa</td>
                <td>1:45 AM</td>
                <td>8:34 PM</td>
                <td>$233.98</td>
                <input type="hidden" value="4346" name="flight">
                <input type="hidden" value="233.98" name="price">
                <input type="hidden" value="Lufthansa" name="airline">
                <input type="hidden" name="fromPort" value="Paris"/>
                <input type="hidden" name="toPort" value="Buenos Aires"/>
            </form>
        </tr>
        </tbody>
    </table>
    <input type="hidden" name="fromPort" value="Paris"/>
    <input type="hidden" name="toPort" value="Buenos Aires"/>
    </div>
</div>

<!-- ProdPerfect script: last thing before the body closes -->
<script>
!function(name,path,ctx){
    var latest,prev=name!=='Keen'&&window.Keen?window.Keen:false;ctx[name]=ctx[name]||{ready:function(fn){var h=document.getElementsByTagName('head')[0],s=document.createElement('script'),w=window,loaded;s.onload=s.onreadystatechange=function(){if((s.readyState&&!(/^c|loade/.test(s.readyState)))||loaded){return}s.onload=s.onreadystatechange=null;loaded=1;latest=w.Keen;if(prev){w.Keen=prev}else{try{delete w.Keen}catch(e){w.Keen=void 0}}ctx[name]=latest;ctx[name].ready(fn)};s.async=1;s.src=path;h.appendChild(s)}}
  }('ProdPerfectKeen','https://blazemeter.trackinglibrary.prodperfect.com/keen-tracking.min.js',this);

  ProdPerfectKeen.ready(function () {
    var client = new ProdPerfectKeen({
      projectId: "lXviifSA1NskA4wsG9N6WoWg",
      writeKey: "8RWMCGFX4X0IRY1GHWDM3HM5WDSJF9LP62BSDULOL3XK7WAIFGDB7EU526O1A0UPLH1S8SJP320LUXJKCHLJX1822GU1KFE80CNW6PXVZ83IOO6LJ731EN164IFVUFMC8DOGYP2MXHN47WGVB192F2PTQRQXCF95OJWAKGOH9S69DZAI5OPJW8QSPDE6LQQ9",
      requestType: "beacon",
      host: "blazemeter.datapipe.prodperfect.com/v1",
    });
    client.extendEvents({
      visitor: {
        user_id: null,
      },
    });

    var options = {
      ignoreDisabledFormFields: false,
      recordClicks: true,
      recordFormSubmits: true,
      recordInputChanges: true,
      recordPageViews: true,
      recordPageUnloads: true,
      recordScrollState: true,
    };
    client.initAutoTracking(options);
  });
</script>
</body>
</html>

Table content:
Row 1: 43 Virgin America 1:43 AM 9:45 PM $472.56
Row 2: 234 United Airlines 7:43 AM 10:45 PM $432.98
Row 3: 9696 Aer Lingus 5:27 AM 8:22 PM $200.98
Row 4: 12 Virgin America 11:23 AM 1:45 PM $765.32
Row 5: 4346 Lufthansa 1:45 AM 8:34 PM $233.98
Parsed values:
Flight Number: [43]
Airline: [Virgin America]
Price: [472.56]
]]></system-out>
  </testcase>
</testsuite>