<?xml version="1.0" encoding="UTF-8"?>
<!-- Generated by org.testng.reporters.JUnitReportReporter -->
<testsuite hostname="KUSRATHO-M-885U" failures="0" tests="1" name="runner.TestRunner" time="31.442" errors="0" timestamp="2025-01-18T22:14:06 IST" skipped="0">
  <testcase classname="runner.TestRunner" name="runScenario" time="31.442"/>
</testsuite> <!-- runner.TestRunner -->
