<?xml version="1.0" encoding="UTF-8"?>
<!-- Generated by org.testng.reporters.JUnitReportReporter -->
<testsuite hostname="KUSRATHO-M-885U" failures="0" tests="1" name="runner.TestRunner" time="8.160" errors="0" timestamp="2025-01-19T02:21:58 IST" skipped="0">
  <testcase classname="runner.TestRunner" name="runScenario" time="8.160"/>
</testsuite> <!-- runner.TestRunner -->
