<?xml version="1.0" encoding="UTF-8"?>
<!-- Generated by org.testng.reporters.JUnitReportReporter -->
<testsuite hostname="KUSRATHO-M-885U" failures="0" tests="1" name="api.FlightReservationApiTest" time="1.847" errors="0" timestamp="2025-01-19T02:21:58 IST" skipped="0">
  <testcase classname="api.FlightReservationApiTest" name="testSearchFlights" time="1.847"/>
</testsuite> <!-- api.FlightReservationApiTest -->
